{
  "0 debug pnpm:scope": {
    "selected": 1
  },
  "1 error pnpm": {
    "code": "ELIFECYCLE",
    "errno": "ENOENT",
    "syscall": "spawn",
    "file": "sh",
    "pkgid": "javascript@0.0.0",
    "stage": "serve",
    "script": "vite preview",
    "pkgname": "javascript",
    "err": {
      "name": "pnpm",
      "message": "javascript@0.0.0 serve: `vite preview`\nspawn ENOENT",
      "code": "ELIFECYCLE",
      "stack": "pnpm: javascript@0.0.0 serve: `vite preview`\nspawn ENOENT\n    at ChildProcess.<anonymous> (/Users/riza/node_modules/pnpm-global/5/node_modules/.pnpm/pnpm@6.19.1/node_modules/pnpm/dist/pnpm.cjs:92977:22)\n    at ChildProcess.emit (node:events:376:20)\n    at maybeClose (node:internal/child_process:1055:16)\n    at Process.ChildProcess._handle.onexit (node:internal/child_process:288:5)"
    }
  }
}